c:\users\bunni\documents\adi_vered_sahar_slavkin_nbaleague\nba\x64\debug\vc143.pdb
c:\users\bunni\documents\adi_vered_sahar_slavkin_nbaleague\nba\x64\debug\vc143.idb
c:\users\bunni\documents\adi_vered_sahar_slavkin_nbaleague\nba\x64\debug\team.obj
c:\users\bunni\documents\adi_vered_sahar_slavkin_nbaleague\nba\x64\debug\referee.obj
c:\users\bunni\documents\adi_vered_sahar_slavkin_nbaleague\nba\x64\debug\playerowner.obj
c:\users\bunni\documents\adi_vered_sahar_slavkin_nbaleague\nba\x64\debug\player.obj
c:\users\bunni\documents\adi_vered_sahar_slavkin_nbaleague\nba\x64\debug\person.obj
c:\users\bunni\documents\adi_vered_sahar_slavkin_nbaleague\nba\x64\debug\owner.obj
c:\users\bunni\documents\adi_vered_sahar_slavkin_nbaleague\nba\x64\debug\match.obj
c:\users\bunni\documents\adi_vered_sahar_slavkin_nbaleague\nba\x64\debug\main.obj
c:\users\bunni\documents\adi_vered_sahar_slavkin_nbaleague\nba\x64\debug\league.obj
c:\users\bunni\documents\adi_vered_sahar_slavkin_nbaleague\nba\x64\debug\employee.obj
c:\users\bunni\documents\adi_vered_sahar_slavkin_nbaleague\nba\x64\debug\district.obj
c:\users\bunni\documents\adi_vered_sahar_slavkin_nbaleague\nba\x64\debug\date.obj
c:\users\bunni\documents\adi_vered_sahar_slavkin_nbaleague\nba\x64\debug\court.obj
c:\users\bunni\documents\adi_vered_sahar_slavkin_nbaleague\x64\debug\nba.exe
c:\users\bunni\documents\adi_vered_sahar_slavkin_nbaleague\x64\debug\nba.pdb
c:\users\bunni\documents\adi_vered_sahar_slavkin_nbaleague\nba\x64\debug\nba.ilk
c:\users\bunni\documents\adi_vered_sahar_slavkin_nbaleague\nba\x64\debug\nba.tlog\cl.command.1.tlog
c:\users\bunni\documents\adi_vered_sahar_slavkin_nbaleague\nba\x64\debug\nba.tlog\cl.items.tlog
c:\users\bunni\documents\adi_vered_sahar_slavkin_nbaleague\nba\x64\debug\nba.tlog\cl.read.1.tlog
c:\users\bunni\documents\adi_vered_sahar_slavkin_nbaleague\nba\x64\debug\nba.tlog\cl.write.1.tlog
c:\users\bunni\documents\adi_vered_sahar_slavkin_nbaleague\nba\x64\debug\nba.tlog\link.command.1.tlog
c:\users\bunni\documents\adi_vered_sahar_slavkin_nbaleague\nba\x64\debug\nba.tlog\link.read.1.tlog
c:\users\bunni\documents\adi_vered_sahar_slavkin_nbaleague\nba\x64\debug\nba.tlog\link.secondary.1.tlog
c:\users\bunni\documents\adi_vered_sahar_slavkin_nbaleague\nba\x64\debug\nba.tlog\link.write.1.tlog
